C51 COMPILER V9.54   DHT11                                                                 05/23/2023 15:57:19 PAGE 1   


C51 COMPILER V9.54, COMPILATION OF MODULE DHT11
OBJECT MODULE PLACED IN .\Objects\dht11.obj
COMPILER INVOKED BY: D:\keli5\C51\BIN\C51.EXE dht11.c OPTIMIZE(8,SPEED) BROWSE DEBUG OBJECTEXTEND PRINT(.\Listings\dht11
                    -.lst) OBJECT(.\Objects\dht11.obj)

line level    source

   1          #include <reg52.h>
   2          #include <intrins.h>
   3          #define uchar unsigned char
   4          #define uint unsigned int
   5          sbit Data = P1 ^ 5;
   6          uchar rec_dat[16]; 
   7          
   8          void DHT11_delay_us(uchar n)
   9          {
  10   1          while (--n)
  11   1              ;
  12   1      }
  13          
  14          void DHT11_delay_ms(uint z)
  15          {
  16   1          uint i, j;
  17   1          for (i = z; i > 0; i--)
  18   1              for (j = 110; j > 0; j--)
  19   1                  ;
  20   1      }
  21          
  22          void Delay30us()                //@11.0592MHz
  23          {
  24   1              unsigned char i;
  25   1      
  26   1              _nop_();
  27   1              _nop_();
  28   1              i = 80;
  29   1              while (--i);
  30   1      }
  31          
  32          void DHT11_start()
  33          {
  34   1          Data        = 1;
  35   1          DHT11_delay_us(2);
  36   1              
  37   1          Data = 0;
  38   1          DHT11_delay_ms(20);
  39   1      
  40   1          Data = 1;
  41   1          DHT11_delay_us(30);
  42   1      
  43   1      }
  44          
  45          uchar DHT11_rec_byte()
  46          {
  47   1          uchar i, dat = 0;
  48   1          for (i = 0; i < 8; i++)
  49   1          {
  50   2              while (!Data)
  51   2                  ;
  52   2              DHT11_delay_us(8);
  53   2              dat <<= 1;
  54   2              if (Data == 1)
C51 COMPILER V9.54   DHT11                                                                 05/23/2023 15:57:19 PAGE 2   

  55   2                  dat += 1;
  56   2              while (Data)
  57   2                  ;
  58   2          }
  59   1          return dat;
  60   1      }
  61          
  62          // dht11不稳定，容易乱码
  63          // 接收dht11发来的数据并格式化为lcd12864可以显示的16位字符串格式
  64          uchar* DHT11_receive()
  65          {
  66   1          uchar R_H, R_L, T_H, T_L, RH, RL, TH, TL, revise, rec_dat[16],i;
  67   1          DHT11_start();
  68   1          if (Data == 0)
  69   1          {
  70   2              while (Data == 0)
  71   2                  ;
  72   2              DHT11_delay_us(50);
  73   2              R_H = DHT11_rec_byte();
  74   2              R_L = DHT11_rec_byte();
  75   2              T_H = DHT11_rec_byte();
  76   2              T_L = DHT11_rec_byte();
  77   2              revise = DHT11_rec_byte();
  78   2              DHT11_delay_us(25);
  79   2      
  80   2              if ((R_H + R_L + T_H + T_L) == revise)
  81   2              {
  82   3                  RH = R_H;
  83   3                  RL = R_L;
  84   3                  TH = T_H;
  85   3                  TL = T_L;
  86   3              }
  87   2      
  88   2              rec_dat[0] = '0' + (RH / 10);
  89   2              rec_dat[1] = '0' + (RL % 10);
  90   2              rec_dat[2] = 'R';
  91   2              rec_dat[3] = 'H';
  92   2              rec_dat[4] = ' ';
  93   2              rec_dat[5] = '0' + (TH / 10);
  94   2              rec_dat[6] = '0' + (TL % 10);
  95   2              rec_dat[7] = 'C';
  96   2                                      
  97   2                                      for (i=8 ; i <= 15; i++)
  98   2                                      {
  99   3                                                      rec_dat[i] = ' ';
 100   3                                      }
 101   2          }
 102   1                      return rec_dat;
 103   1      }
 104          


MODULE INFORMATION:   STATIC OVERLAYABLE
   CODE SIZE        =    257    ----
   CONSTANT SIZE    =   ----    ----
   XDATA SIZE       =   ----    ----
   PDATA SIZE       =   ----    ----
   DATA SIZE        =     16      22
   IDATA SIZE       =   ----    ----
   BIT SIZE         =   ----    ----
END OF MODULE INFORMATION.


C51 COMPILATION COMPLETE.  0 WARNING(S),  0 ERROR(S)
