C51 COMPILER V9.54   KEY                                                                   05/23/2023 15:57:19 PAGE 1   


C51 COMPILER V9.54, COMPILATION OF MODULE KEY
OBJECT MODULE PLACED IN .\Objects\key.obj
COMPILER INVOKED BY: D:\keli5\C51\BIN\C51.EXE key.c OPTIMIZE(8,SPEED) BROWSE DEBUG OBJECTEXTEND PRINT(.\Listings\key.lst
                    -) OBJECT(.\Objects\key.obj)

line level    source

   1          #include <reg52.h>
   2          #include "lcd.h"
   3          
   4          sbit Key1 = P2^0; // 按键1连接的引脚
   5          sbit Key2 = P2^1; // 按键2连接的引脚
   6          sbit Key3 = P2^2; // 按键3连接的引脚
   7          sbit Key4 = P2^3; // 按键4连接的引脚
   8          
   9          void Delay5Ms();
  10          
  11          // 按键检测，仅支持单点，不支持连点，多点。返回键值1-4
  12          unsigned char key_scan()
  13          {
  14   1          unsigned char keyValue = 0;
  15   1          Key1 = 1;
  16   1          Key2 = 1;
  17   1          Key3 = 1;
  18   1          Key4 = 1;
  19   1          if (Key1 == 0 || Key2 == 0 || Key3 == 0 || Key4 == 0)
  20   1          {
  21   2              Delay5Ms();
  22   2              if (Key1 == 0)
  23   2              {
  24   3                  keyValue = 1;
  25   3              }
  26   2              else if (Key2 == 0)
  27   2              {
  28   3                  keyValue = 2;
  29   3              }
  30   2              else if (Key3 == 0)
  31   2              {
  32   3                  keyValue = 3;
  33   3              }
  34   2              else if (Key4 == 0)
  35   2              {
  36   3                  keyValue = 4;
  37   3              }
  38   2              else
  39   2              {
  40   3                  keyValue = 0;
  41   3              }
  42   2      
  43   2              if (keyValue != 0)
  44   2              {
  45   3                  while (Key1 == 0 || Key2 == 0 || Key3 == 0 || Key4 == 0);
  46   3                  Delay5Ms();
  47   3              }
  48   2          }
  49   1          return keyValue;
  50   1      }


MODULE INFORMATION:   STATIC OVERLAYABLE
   CODE SIZE        =     83    ----
C51 COMPILER V9.54   KEY                                                                   05/23/2023 15:57:19 PAGE 2   

   CONSTANT SIZE    =   ----    ----
   XDATA SIZE       =   ----    ----
   PDATA SIZE       =   ----    ----
   DATA SIZE        =   ----       1
   IDATA SIZE       =   ----    ----
   BIT SIZE         =   ----    ----
END OF MODULE INFORMATION.


C51 COMPILATION COMPLETE.  0 WARNING(S),  0 ERROR(S)
