C51 COMPILER V9.54   MAIN                                                                  05/23/2023 15:57:18 PAGE 1   


C51 COMPILER V9.54, COMPILATION OF MODULE MAIN
OBJECT MODULE PLACED IN .\Objects\main.obj
COMPILER INVOKED BY: D:\keli5\C51\BIN\C51.EXE main.c OPTIMIZE(8,SPEED) BROWSE DEBUG OBJECTEXTEND PRINT(.\Listings\main.l
                    -st) OBJECT(.\Objects\main.obj)

line level    source

   1          #include <REG52.H>
   2          #include "lcd.h"
   3          #include "key.h"
   4          
   5          
   6          void main()
   7          {
   8   1          unsigned char keyNum;
   9   1          Lcd_Init();
  10   1      
  11   1          while (1)
  12   1          {
  13   2              keyNum = key_scan();
  14   2      
  15   2              if (keyNum != 0)
  16   2              {
  17   3                  char keyChar = '0' + keyNum;  // 将键值转换为字符
  18   3      
  19   3                  // 在LCD上显示按键数字
  20   3                  LCD_ShowString(1, &keyChar);
  21   3              }
  22   2          }
  23   1      }


MODULE INFORMATION:   STATIC OVERLAYABLE
   CODE SIZE        =     29    ----
   CONSTANT SIZE    =   ----    ----
   XDATA SIZE       =   ----    ----
   PDATA SIZE       =   ----    ----
   DATA SIZE        =   ----       2
   IDATA SIZE       =   ----    ----
   BIT SIZE         =   ----    ----
END OF MODULE INFORMATION.


C51 COMPILATION COMPLETE.  0 WARNING(S),  0 ERROR(S)
