C51 COMPILER V9.54   MQ2                                                                   06/29/2023 16:44:17 PAGE 1   


C51 COMPILER V9.54, COMPILATION OF MODULE MQ2
OBJECT MODULE PLACED IN .\Objects\mq2.obj
COMPILER INVOKED BY: D:\keli5\C51\BIN\C51.EXE mq2.c OPTIMIZE(9,SPEED) BROWSE DEBUG OBJECTEXTEND PRINT(.\Listings\mq2.lst
                    -) OBJECT(.\Objects\mq2.obj)

line level    source

   1          #include "mq2.h"
   2          
   3          void mq2delay()
   4          {       uchar m,n,s;
   5   1              for(m=20;m>0;m--)
   6   1              for(n=20;n>0;n--)
   7   1              for(s=248;s>0;s--);
   8   1      }
   9          uchar fire()
  10          {       uchar i=0;
  11   1              if(yanwu==0)
  12   1              {       mq2delay();
  13   2                      if(yanwu==0)
  14   2                      {       i=1;
  15   3                      }
  16   2              }
  17   1              return i;
  18   1      
  19   1      }


MODULE INFORMATION:   STATIC OVERLAYABLE
   CODE SIZE        =     28    ----
   CONSTANT SIZE    =   ----    ----
   XDATA SIZE       =   ----    ----
   PDATA SIZE       =   ----    ----
   DATA SIZE        =   ----    ----
   IDATA SIZE       =   ----    ----
   BIT SIZE         =   ----    ----
END OF MODULE INFORMATION.


C51 COMPILATION COMPLETE.  0 WARNING(S),  0 ERROR(S)
